<?xml version="1.0" encoding="UTF-8"?>
<testng-results skipped="0" failed="0" ignored="0" total="1" passed="1">
  <reporter-output>
  </reporter-output>
  <suite name="Suite" duration-ms="19" started-at="2019-10-13T08:18:53Z" finished-at="2019-10-13T08:18:53Z">
    <groups>
    </groups>
    <test name="Test" duration-ms="19" started-at="2019-10-13T08:18:53Z" finished-at="2019-10-13T08:18:53Z">
      <class name="TestJenkins.NewTest">
        <test-method status="PASS" signature="f()[pri:0, instance:TestJenkins.NewTest@1e0a01f]" name="f" duration-ms="5" started-at="2019-10-13T13:48:53Z" finished-at="2019-10-13T13:48:53Z">
          <reporter-output>
          </reporter-output>
        </test-method> <!-- f -->
      </class> <!-- TestJenkins.NewTest -->
    </test> <!-- Test -->
  </suite> <!-- Suite -->
</testng-results>
